<?xml version="1.0" encoding="UTF-8"?>
<!-- Generated by org.testng.reporters.JUnitXMLReporter -->
<testsuite hostname="LAPTOP-694B18CU" ignored="0" name="Smoke" tests="2" failures="0" timestamp="17 Nov 2022 13:45:31 GMT" time="30.144" errors="0">
  <testcase name="loginTestSaving" time="8.501" classname="com.Assignment1testCases.TC_LoginTest_Saving_001"/>
  <testcase name="loginTestChecking" time="8.76" classname="com.Assignment1testCases.TC_LoginTest_Checking_001"/>
</testsuite> <!-- Smoke -->
