<?xml version="1.0" encoding="UTF-8"?>
<!-- Generated by org.testng.reporters.JUnitXMLReporter -->
<testsuite hostname="LAPTOP-694B18CU" ignored="0" name="Smoke" tests="2" failures="0" timestamp="17 Nov 2022 14:08:17 GMT" time="37.28" errors="0">
  <testcase name="loginTestSaving" time="10.363" classname="com.Assignment1testCases.TC_LoginTest_Saving_001"/>
  <testcase name="loginTestChecking" time="15.302" classname="com.Assignment1testCases.TC_LoginTest_Checking_001"/>
</testsuite> <!-- Smoke -->
