<?xml version="1.0" encoding="UTF-8"?>
<testng-results skipped="0" failed="0" ignored="0" total="2" passed="2">
  <reporter-output>
  </reporter-output>
  <suite name="Assignment1" duration-ms="37280" started-at="2022-11-17T14:07:40Z" finished-at="2022-11-17T14:08:17Z">
    <groups>
    </groups>
    <test name="Smoke" duration-ms="37280" started-at="2022-11-17T14:07:40Z" finished-at="2022-11-17T14:08:17Z">
      <class name="com.Assignment1testCases.TC_LoginTest_Checking_001">
        <test-method status="PASS" signature="setup(java.lang.String)[pri:0, instance:com.Assignment1testCases.TC_LoginTest_Checking_001@1b083826]" name="setup" is-config="true" duration-ms="3865" started-at="2022-11-17T14:07:57Z" finished-at="2022-11-17T14:08:01Z">
          <params>
            <param index="0">
              <value>
                <![CDATA[chrome]]>
              </value>
            </param>
          </params>
          <reporter-output>
          </reporter-output>
        </test-method> <!-- setup -->
        <test-method status="PASS" signature="loginTestChecking()[pri:0, instance:com.Assignment1testCases.TC_LoginTest_Checking_001@1b083826]" name="loginTestChecking" duration-ms="15302" started-at="2022-11-17T14:08:01Z" finished-at="2022-11-17T14:08:16Z">
          <reporter-output>
          </reporter-output>
        </test-method> <!-- loginTestChecking -->
        <test-method status="PASS" signature="tearDown()[pri:0, instance:com.Assignment1testCases.TC_LoginTest_Checking_001@1b083826]" name="tearDown" is-config="true" duration-ms="650" started-at="2022-11-17T14:08:16Z" finished-at="2022-11-17T14:08:17Z">
          <reporter-output>
          </reporter-output>
        </test-method> <!-- tearDown -->
      </class> <!-- com.Assignment1testCases.TC_LoginTest_Checking_001 -->
      <class name="com.Assignment1testCases.TC_LoginTest_Saving_001">
        <test-method status="PASS" signature="setup(java.lang.String)[pri:0, instance:com.Assignment1testCases.TC_LoginTest_Saving_001@40e6dfe1]" name="setup" is-config="true" duration-ms="6310" started-at="2022-11-17T14:07:40Z" finished-at="2022-11-17T14:07:46Z">
          <params>
            <param index="0">
              <value>
                <![CDATA[chrome]]>
              </value>
            </param>
          </params>
          <reporter-output>
          </reporter-output>
        </test-method> <!-- setup -->
        <test-method status="PASS" signature="loginTestSaving()[pri:0, instance:com.Assignment1testCases.TC_LoginTest_Saving_001@40e6dfe1]" name="loginTestSaving" duration-ms="10363" started-at="2022-11-17T14:07:46Z" finished-at="2022-11-17T14:07:56Z">
          <reporter-output>
          </reporter-output>
        </test-method> <!-- loginTestSaving -->
        <test-method status="PASS" signature="tearDown()[pri:0, instance:com.Assignment1testCases.TC_LoginTest_Saving_001@40e6dfe1]" name="tearDown" is-config="true" duration-ms="773" started-at="2022-11-17T14:07:56Z" finished-at="2022-11-17T14:07:57Z">
          <reporter-output>
          </reporter-output>
        </test-method> <!-- tearDown -->
      </class> <!-- com.Assignment1testCases.TC_LoginTest_Saving_001 -->
    </test> <!-- Smoke -->
  </suite> <!-- Assignment1 -->
</testng-results>
